<?xml version="1.0" encoding="UTF-8"?>
<!-- Generated by org.testng.reporters.JUnitReportReporter -->
<testsuite hostname="nn-PC" name="tests.DemoTest" tests="1" failures="0" timestamp="30 Jan 2020 05:55:16 GMT" time="0.130" errors="0">
  <testcase name="openMyBlog" time="0.130" classname="tests.DemoTest"/>
</testsuite> <!-- tests.DemoTest -->
