<?xml version="1.0" encoding="UTF-8"?>
<!-- Generated by org.testng.reporters.JUnitReportReporter -->
<testsuite hostname="nn-PC" name="tests.TestNGExample" tests="1" failures="0" timestamp="3 Feb 2020 06:56:05 GMT" time="0.437" errors="0">
  <testcase name="test" time="0.437" classname="tests.TestNGExample"/>
</testsuite> <!-- tests.TestNGExample -->
