<?xml version="1.0" encoding="UTF-8"?>
<!-- Generated by org.testng.reporters.JUnitReportReporter -->
<testsuite hostname="nn-PC" name="tests.TestNGExample" tests="1" failures="0" timestamp="30 Jan 2020 13:10:09 GMT" time="112.600" errors="0">
  <testcase name="test" time="112.600" classname="tests.TestNGExample"/>
</testsuite> <!-- tests.TestNGExample -->
