<?xml version="1.0" encoding="UTF-8"?>
<!-- Generated by org.testng.reporters.JUnitReportReporter -->
<testsuite hostname="nn-PC" name="tests.TestNGExample" tests="1" failures="0" timestamp="2 Feb 2020 10:31:22 GMT" time="56.075" errors="0">
  <testcase name="test" time="56.075" classname="tests.TestNGExample"/>
</testsuite> <!-- tests.TestNGExample -->
