<?xml version="1.0" encoding="UTF-8"?>
<!-- Generated by org.testng.reporters.JUnitReportReporter -->
<testsuite hostname="nn-PC" name="tests.DemoTest" tests="1" failures="0" timestamp="2 Feb 2020 10:31:22 GMT" time="0.182" errors="0">
  <testcase name="openMyBlog" time="0.182" classname="tests.DemoTest"/>
</testsuite> <!-- tests.DemoTest -->
