<?xml version="1.0" encoding="UTF-8"?>
<!-- Generated by org.testng.reporters.JUnitReportReporter -->
<testsuite hostname="nn-PC" name="tests.TestNGExample" tests="1" failures="0" timestamp="3 Feb 2020 07:07:52 GMT" time="0.005" errors="0">
  <testcase name="test" time="0.005" classname="tests.TestNGExample"/>
</testsuite> <!-- tests.TestNGExample -->
