<?xml version="1.0" encoding="UTF-8"?>
<!-- Generated by org.testng.reporters.JUnitReportReporter -->
<testsuite hostname="nn-PC" name="tests.TestClass4" tests="1" failures="0" timestamp="3 Feb 2020 07:07:52 GMT" time="0.007" errors="0">
  <testcase name="test4" time="0.007" classname="tests.TestClass4"/>
</testsuite> <!-- tests.TestClass4 -->
