<?xml version="1.0" encoding="UTF-8"?>
<!-- Generated by org.testng.reporters.JUnitReportReporter -->
<testsuite hostname="nn-PC" name="tests.TestNGExample" tests="1" failures="0" timestamp="31 Jan 2020 06:13:28 GMT" time="57.609" errors="0">
  <testcase name="test" time="57.609" classname="tests.TestNGExample"/>
</testsuite> <!-- tests.TestNGExample -->
