<?xml version="1.0" encoding="UTF-8"?>
<!-- Generated by org.testng.reporters.JUnitReportReporter -->
<testsuite hostname="nn-PC" name="tests.DemoTest" tests="1" failures="0" timestamp="3 Feb 2020 07:07:52 GMT" time="0.317" errors="0">
  <testcase name="openMyBlog" time="0.317" classname="tests.DemoTest"/>
</testsuite> <!-- tests.DemoTest -->
