<?xml version="1.0" encoding="UTF-8"?>
<!-- Generated by org.testng.reporters.JUnitReportReporter -->
<testsuite hostname="nn-PC" name="webdriver.tests.WebdriverHandleTest" tests="1" failures="0" timestamp="3 Feb 2020 07:07:52 GMT" time="43.808" errors="0">
  <testcase name="test" time="43.808" classname="webdriver.tests.WebdriverHandleTest"/>
</testsuite> <!-- webdriver.tests.WebdriverHandleTest -->
