<?xml version="1.0" encoding="UTF-8"?>
<!-- Generated by org.testng.reporters.JUnitReportReporter -->
<testsuite hostname="nn-PC" name="tests.TestClass5" tests="1" failures="0" timestamp="2 Feb 2020 11:11:21 GMT" time="0.008" errors="0">
  <testcase name="test5" time="0.008" classname="tests.TestClass5"/>
</testsuite> <!-- tests.TestClass5 -->
