<?xml version="1.0" encoding="UTF-8"?>
<!-- Generated by org.testng.reporters.JUnitReportReporter -->
<testsuite hostname="nn-PC" name="tests.TestNGExample" tests="1" failures="0" timestamp="30 Jan 2020 10:42:20 GMT" time="61.077" errors="0">
  <testcase name="test" time="61.077" classname="tests.TestNGExample"/>
</testsuite> <!-- tests.TestNGExample -->
