<?xml version="1.0" encoding="UTF-8"?>
<!-- Generated by org.testng.reporters.JUnitReportReporter -->
<testsuite hostname="nn-PC" name="webdriver.tests.WebdriverHandleTest" tests="1" failures="0" timestamp="2 Feb 2020 09:54:37 GMT" time="17.185" errors="0">
  <testcase name="test" time="17.185" classname="webdriver.tests.WebdriverHandleTest"/>
</testsuite> <!-- webdriver.tests.WebdriverHandleTest -->
