<?xml version="1.0" encoding="UTF-8"?>
<!-- Generated by org.testng.reporters.JUnitReportReporter -->
<testsuite hostname="nn-PC" name="tests.TestClass3" tests="1" failures="0" timestamp="2 Feb 2020 10:31:22 GMT" time="0.005" errors="0">
  <testcase name="test3" time="0.005" classname="tests.TestClass3"/>
</testsuite> <!-- tests.TestClass3 -->
