<?xml version="1.0" encoding="UTF-8"?>
<!-- Generated by org.testng.reporters.JUnitReportReporter -->
<testsuite hostname="nn-PC" name="tests.TestNGExample" tests="1" failures="0" timestamp="2 Feb 2020 09:54:38 GMT" time="69.636" errors="0">
  <testcase name="test" time="69.636" classname="tests.TestNGExample"/>
</testsuite> <!-- tests.TestNGExample -->
